Determining if the pthread_create exist failed with the following output:
Change Dir: /home/INTRANET/stimpfli/myfiles/cpp/Neuron/build1neuron/CMakeFiles/CMakeTmp

Run Build Command:"/usr/bin/make" "cmTryCompileExec3578925423/fast"
make[1]: Entering directory `/home/INTRANET/stimpfli/myfiles/cpp/Neuron/build1neuron/CMakeFiles/CMakeTmp'
/usr/bin/make -f CMakeFiles/cmTryCompileExec3578925423.dir/build.make CMakeFiles/cmTryCompileExec3578925423.dir/build
make[2]: Entering directory `/home/INTRANET/stimpfli/myfiles/cpp/Neuron/build1neuron/CMakeFiles/CMakeTmp'
/usr/local/bin/cmake -E cmake_progress_report /home/INTRANET/stimpfli/myfiles/cpp/Neuron/build1neuron/CMakeFiles/CMakeTmp/CMakeFiles 1
Building C object CMakeFiles/cmTryCompileExec3578925423.dir/CheckSymbolExists.c.o
/usr/bin/cc    -o CMakeFiles/cmTryCompileExec3578925423.dir/CheckSymbolExists.c.o   -c /home/INTRANET/stimpfli/myfiles/cpp/Neuron/build1neuron/CMakeFiles/CMakeTmp/CheckSymbolExists.c
Linking C executable cmTryCompileExec3578925423
/usr/local/bin/cmake -E cmake_link_script CMakeFiles/cmTryCompileExec3578925423.dir/link.txt --verbose=1
/usr/bin/cc       CMakeFiles/cmTryCompileExec3578925423.dir/CheckSymbolExists.c.o  -o cmTryCompileExec3578925423 -rdynamic 
CMakeFiles/cmTryCompileExec3578925423.dir/CheckSymbolExists.c.o: In function `main':
CheckSymbolExists.c:(.text+0x16): undefined reference to `pthread_create'
collect2: error: ld returned 1 exit status
make[2]: Leaving directory `/home/INTRANET/stimpfli/myfiles/cpp/Neuron/build1neuron/CMakeFiles/CMakeTmp'
make[1]: Leaving directory `/home/INTRANET/stimpfli/myfiles/cpp/Neuron/build1neuron/CMakeFiles/CMakeTmp'
make[2]: *** [cmTryCompileExec3578925423] Error 1
make[1]: *** [cmTryCompileExec3578925423/fast] Error 2

File /home/INTRANET/stimpfli/myfiles/cpp/Neuron/build1neuron/CMakeFiles/CMakeTmp/CheckSymbolExists.c:
/* */
#include <pthread.h>

int main(int argc, char** argv)
{
  (void)argv;
#ifndef pthread_create
  return ((int*)(&pthread_create))[argc];
#else
  (void)argc;
  return 0;
#endif
}

